The dependency tzinfo-data (>= 0) will be unused by any of the platforms Bundler is installing for. Bundler is installing for ruby but the dependency is only for x86-mingw32, x86-mswin32, x64-mingw32, java. To add those platforms to the bundle, run `bundle lock --add-platform x86-mingw32 x86-mswin32 x64-mingw32 java`.
Fetching gem metadata from https://rubygems.org/..............
Fetching gem metadata from https://rubygems.org/..
Resolving dependencies....................
Using rake 13.0.1
Using concurrent-ruby 1.1.6
Using i18n 1.8.2
Using minitest 5.14.0
Using thread_safe 0.3.6
Fetching tzinfo 1.2.7 (was 1.2.6)
Installing tzinfo 1.2.7 (was 1.2.6)
Using activesupport 5.2.4.2
Using builder 3.2.4
Using erubi 1.9.0
Using mini_portile2 2.4.0
Using nokogiri 1.10.9
Using rails-dom-testing 2.0.3
Using crass 1.0.6
Fetching loofah 2.5.0 (was 2.4.0)
Installing loofah 2.5.0 (was 2.4.0)
Using rails-html-sanitizer 1.3.0
Using actionview 5.2.4.2
Using rack 2.2.2
Using rack-test 1.1.0
Using actionpack 5.2.4.2
Using nio4r 2.5.2
Using websocket-extensions 0.1.4
Using websocket-driver 0.7.1
Using actioncable 5.2.4.2
Using globalid 0.4.2
Using activejob 5.2.4.2
Using mini_mime 1.0.2
Using mail 2.7.1
Using actionmailer 5.2.4.2
Using activemodel 5.2.4.2
Using arel 9.0.0
Using activerecord 5.2.4.2
Using mimemagic 0.3.4
Using marcel 0.3.3
Using activestorage 5.2.4.2
Fetching public_suffix 4.0.4 (was 4.0.3)
Installing public_suffix 4.0.4 (was 4.0.3)
Using addressable 2.7.0
Using io-like 0.3.1
Using archive-zip 0.12.0
Using bindex 0.8.1
Using msgpack 1.3.3
Using bootsnap 1.4.6
Using bundler 1.17.1
Using byebug 11.1.1
Using regexp_parser 1.7.0
Using xpath 3.2.0
Fetching capybara 3.32.1 (was 3.32.0)
Installing capybara 3.32.1 (was 3.32.0)
Using childprocess 3.0.0
Using chromedriver-helper 2.1.1
Using coffee-script-source 1.12.2
Using execjs 2.7.0
Using coffee-script 2.4.1
Using method_source 1.0.0
Using thor 1.0.1
Using railties 5.2.4.2
Using coffee-rails 4.2.2
Using diff-lcs 1.3
Using ffi 1.12.2
Using jbuilder 2.10.0
Using rb-fsevent 0.10.3
Using rb-inotify 0.10.1
Using ruby_dep 1.5.0
Using listen 3.1.5
Using pg 1.2.3
Using puma 3.12.4
Using sprockets 3.7.2
Using sprockets-rails 3.2.1
Using rails 5.2.4.2
Using rspec-support 3.9.2
Using rspec-core 3.9.1
Using rspec-expectations 3.9.1
Using rspec-mocks 3.9.1
Using rspec-rails 4.0.0
Using rubyzip 2.3.0
Using sass-listen 4.0.0
Using sass 3.7.4
Using tilt 2.0.10
Using sass-rails 5.1.0
Using selenium-webdriver 3.142.7
Using spring 2.1.0
Using spring-watcher-listen 2.0.1
Using turbolinks-source 5.2.0
Using turbolinks 5.2.1
Using uglifier 4.2.0
Using web-console 3.7.0
Bundle updated!
